<?xml version="1.0" encoding="UTF-8"?>
<!-- Generated by org.testng.reporters.JUnitReportReporter -->
<testsuite hostname="Nikhil-Kumar" failures="0" tests="2" name="com.amazon.tests.AmazonPriceTest" time="7.487" errors="0" timestamp="2025-05-03T12:57:50 IST" skipped="1">
  <testcase classname="com.amazon.tests.AmazonPriceTest" name="selectAllFilters" time="7.487"/>
  <testcase classname="com.amazon.tests.AmazonPriceTest" name="checkLowestAndHighestPrice">
    <skipped/>
  </testcase> <!-- checkLowestAndHighestPrice -->
</testsuite> <!-- com.amazon.tests.AmazonPriceTest -->
